2025-01-23 12:39:24,056 - INFO - Iniciando optimización con M=4 y P=0.3
2025-01-23 12:39:24,057 - INFO - Cargando datos de entrada...
2025-01-23 12:39:24,059 - INFO - Datos cargados: 10 activos y 10 períodos
2025-01-23 12:39:24,059 - INFO - 
Iniciando intento 1/10
2025-01-23 12:40:19,734 - WARNING - Intento 1 falló: Iteration limit reached
2025-01-23 12:40:19,734 - INFO - 
Iniciando intento 2/10
2025-01-23 12:40:25,922 - INFO - Intento 2 exitoso. Error: 0.000007
2025-01-23 12:40:25,922 - INFO - ¡Nuevo mejor resultado encontrado!
2025-01-23 12:40:25,923 - INFO - 
Iniciando intento 3/10
2025-01-23 12:40:30,584 - INFO - Intento 3 exitoso. Error: 0.000000
2025-01-23 12:40:30,584 - INFO - ¡Nuevo mejor resultado encontrado!
2025-01-23 12:40:30,584 - INFO - 
Iniciando intento 4/10
2025-01-23 12:40:36,391 - INFO - Intento 4 exitoso. Error: 0.000000
2025-01-23 12:40:36,391 - INFO - 
Iniciando intento 5/10
2025-01-23 12:40:38,389 - INFO - Intento 5 exitoso. Error: 0.000000
2025-01-23 12:40:38,389 - INFO - ¡Nuevo mejor resultado encontrado!
2025-01-23 12:40:38,389 - INFO - 
Iniciando intento 6/10
2025-01-23 12:40:42,527 - INFO - Intento 6 exitoso. Error: 0.000000
2025-01-23 12:40:42,527 - INFO - 
Iniciando intento 7/10
2025-01-23 12:40:46,150 - INFO - Intento 7 exitoso. Error: 0.000000
2025-01-23 12:40:46,150 - INFO - 
Iniciando intento 8/10
2025-01-23 12:40:48,107 - INFO - Intento 8 exitoso. Error: 0.000000
2025-01-23 12:40:48,107 - INFO - 
Iniciando intento 9/10
2025-01-23 12:40:52,666 - INFO - Intento 9 exitoso. Error: 0.000000
2025-01-23 12:40:52,666 - INFO - 
Iniciando intento 10/10
2025-01-23 12:40:59,245 - INFO - Intento 10 exitoso. Error: 0.000000
2025-01-23 12:40:59,245 - INFO - 
Procesando mejor solución encontrada...
2025-01-23 12:40:59,246 - INFO - Número de activos seleccionados: 4
2025-01-23 12:40:59,249 - INFO - 
Guardando resultados...
2025-01-23 12:40:59,251 - INFO - 
Optimización completada en 95.20 segundos
2025-01-23 12:40:59,252 - INFO - Error cuadrático medio final: 0.000004
